Started GET "/" for 127.0.0.1 at 2018-02-09 19:03:37 -0500
  [1m[35m (0.3ms)[0m  [1m[34mSELECT "schema_migrations"."version" FROM "schema_migrations" ORDER BY "schema_migrations"."version" ASC[0m
Processing by WelcomesController#home as HTML
  Rendering welcomes/home.html.erb within layouts/application
  Rendered welcomes/home.html.erb within layouts/application (2.7ms)
Completed 200 OK in 431ms (Views: 418.5ms | ActiveRecord: 0.0ms)


Started GET "/products" for 127.0.0.1 at 2018-02-09 19:03:58 -0500
Processing by ProductsController#index as HTML
  Rendering products/index.html.erb within layouts/application
  [1m[36mProduct Load (0.3ms)[0m  [1m[34mSELECT "products".* FROM "products"[0m
  Rendered products/index.html.erb within layouts/application (3.6ms)
Completed 200 OK in 44ms (Views: 33.1ms | ActiveRecord: 0.6ms)


Started GET "/products" for 127.0.0.1 at 2018-02-09 19:05:13 -0500
Processing by ProductsController#index as HTML
  Rendering products/index.html.erb within layouts/application
  [1m[36mProduct Load (0.2ms)[0m  [1m[34mSELECT "products".* FROM "products"[0m
  Rendered products/index.html.erb within layouts/application (1.8ms)
Completed 200 OK in 65ms (Views: 59.7ms | ActiveRecord: 0.2ms)


Started GET "/products" for 127.0.0.1 at 2018-02-09 19:05:33 -0500
Processing by ProductsController#index as HTML
  Rendering products/index.html.erb within layouts/application
  [1m[36mProduct Load (0.2ms)[0m  [1m[34mSELECT "products".* FROM "products"[0m
  Rendered products/index.html.erb within layouts/application (2.2ms)
Completed 200 OK in 77ms (Views: 70.3ms | ActiveRecord: 0.2ms)


Started GET "/" for 127.0.0.1 at 2018-02-09 19:05:40 -0500
Processing by WelcomesController#home as HTML
  Rendering welcomes/home.html.erb within layouts/application
  Rendered welcomes/home.html.erb within layouts/application (0.4ms)
Completed 200 OK in 45ms (Views: 40.7ms | ActiveRecord: 0.0ms)


Started GET "/" for 127.0.0.1 at 2018-02-09 19:27:06 -0500
Processing by WelcomesController#home as HTML
  Rendering welcomes/home.html.erb within layouts/application
  Rendered welcomes/home.html.erb within layouts/application (2.7ms)
Completed 200 OK in 91ms (Views: 81.3ms | ActiveRecord: 0.0ms)


Started GET "/products" for 127.0.0.1 at 2018-02-09 19:29:34 -0500
Processing by ProductsController#index as HTML
  Rendering products/index.html.erb within layouts/application
  [1m[36mProduct Load (1.0ms)[0m  [1m[34mSELECT "products".* FROM "products"[0m
  Rendered products/index.html.erb within layouts/application (9.2ms)
Completed 200 OK in 76ms (Views: 68.6ms | ActiveRecord: 1.0ms)


Started GET "/products" for 127.0.0.1 at 2018-02-09 19:42:45 -0500
Processing by ProductsController#index as HTML
  Rendering products/index.html.erb within layouts/application
  [1m[36mProduct Load (0.3ms)[0m  [1m[34mSELECT "products".* FROM "products"[0m
  Rendered products/index.html.erb within layouts/application (2.2ms)
Completed 200 OK in 65ms (Views: 60.3ms | ActiveRecord: 0.3ms)


  [1m[36mProduct Load (2.8ms)[0m  [1m[34mSELECT  "products".* FROM "products" LIMIT ?[0m  [["LIMIT", 11]]
  [1m[35m (0.3ms)[0m  [1m[34mSELECT COUNT(*) FROM "products"[0m
Started GET "/products" for 127.0.0.1 at 2018-02-09 19:48:13 -0500
Processing by ProductsController#index as HTML
  Rendering products/index.html.erb within layouts/application
  [1m[36mProduct Load (0.3ms)[0m  [1m[34mSELECT "products".* FROM "products"[0m
  Rendered products/index.html.erb within layouts/application (2.9ms)
Completed 200 OK in 82ms (Views: 76.3ms | ActiveRecord: 0.3ms)


  [1m[36mProduct Load (0.2ms)[0m  [1m[34mSELECT  "products".* FROM "products" WHERE "products"."name" = ? AND "products"."description" = ? AND "products"."price_in_cents" = ? LIMIT ?[0m  [["name", "Watch 1"], ["description", "Watch description 1"], ["price_in_cents", 99], ["LIMIT", 1]]
  [1m[35m (0.1ms)[0m  [1m[36mbegin transaction[0m
  [1m[35mSQL (1.1ms)[0m  [1m[32mINSERT INTO "products" ("name", "description", "price_in_cents", "created_at", "updated_at") VALUES (?, ?, ?, ?, ?)[0m  [["name", "Watch 1"], ["description", "Watch description 1"], ["price_in_cents", 99], ["created_at", "2018-02-10 00:50:09.030363"], ["updated_at", "2018-02-10 00:50:09.030363"]]
  [1m[35m (2.6ms)[0m  [1m[36mcommit transaction[0m
  [1m[36mProduct Load (0.2ms)[0m  [1m[34mSELECT  "products".* FROM "products" WHERE "products"."name" = ? AND "products"."description" = ? AND "products"."price_in_cents" = ? LIMIT ?[0m  [["name", "Watch 2"], ["description", "Watch description 2"], ["price_in_cents", 99], ["LIMIT", 1]]
  [1m[35m (0.1ms)[0m  [1m[36mbegin transaction[0m
  [1m[35mSQL (0.6ms)[0m  [1m[32mINSERT INTO "products" ("name", "description", "price_in_cents", "created_at", "updated_at") VALUES (?, ?, ?, ?, ?)[0m  [["name", "Watch 2"], ["description", "Watch description 2"], ["price_in_cents", 99], ["created_at", "2018-02-10 00:50:09.038809"], ["updated_at", "2018-02-10 00:50:09.038809"]]
  [1m[35m (2.4ms)[0m  [1m[36mcommit transaction[0m
  [1m[36mProduct Load (2.2ms)[0m  [1m[34mSELECT  "products".* FROM "products" WHERE "products"."name" = ? AND "products"."description" = ? AND "products"."price_in_cents" = ? LIMIT ?[0m  [["name", "Watch 3"], ["description", "Watch description 3"], ["price_in_cents", 99], ["LIMIT", 1]]
  [1m[35m (0.1ms)[0m  [1m[36mbegin transaction[0m
  [1m[35mSQL (0.8ms)[0m  [1m[32mINSERT INTO "products" ("name", "description", "price_in_cents", "created_at", "updated_at") VALUES (?, ?, ?, ?, ?)[0m  [["name", "Watch 3"], ["description", "Watch description 3"], ["price_in_cents", 99], ["created_at", "2018-02-10 00:50:09.048429"], ["updated_at", "2018-02-10 00:50:09.048429"]]
  [1m[35m (2.1ms)[0m  [1m[36mcommit transaction[0m
  [1m[36mProduct Load (0.3ms)[0m  [1m[34mSELECT  "products".* FROM "products" WHERE "products"."name" = ? AND "products"."description" = ? AND "products"."price_in_cents" = ? LIMIT ?[0m  [["name", "Watch 4"], ["description", "Watch description 4"], ["price_in_cents", 99], ["LIMIT", 1]]
  [1m[35m (0.1ms)[0m  [1m[36mbegin transaction[0m
  [1m[35mSQL (0.7ms)[0m  [1m[32mINSERT INTO "products" ("name", "description", "price_in_cents", "created_at", "updated_at") VALUES (?, ?, ?, ?, ?)[0m  [["name", "Watch 4"], ["description", "Watch description 4"], ["price_in_cents", 99], ["created_at", "2018-02-10 00:50:09.055416"], ["updated_at", "2018-02-10 00:50:09.055416"]]
  [1m[35m (4.7ms)[0m  [1m[36mcommit transaction[0m
  [1m[36mProduct Load (0.5ms)[0m  [1m[34mSELECT  "products".* FROM "products" WHERE "products"."name" = ? AND "products"."description" = ? AND "products"."price_in_cents" = ? LIMIT ?[0m  [["name", "Watch 5"], ["description", "Watch description 5"], ["price_in_cents", 99], ["LIMIT", 1]]
  [1m[35m (0.1ms)[0m  [1m[36mbegin transaction[0m
  [1m[35mSQL (1.5ms)[0m  [1m[32mINSERT INTO "products" ("name", "description", "price_in_cents", "created_at", "updated_at") VALUES (?, ?, ?, ?, ?)[0m  [["name", "Watch 5"], ["description", "Watch description 5"], ["price_in_cents", 99], ["created_at", "2018-02-10 00:50:09.065826"], ["updated_at", "2018-02-10 00:50:09.065826"]]
  [1m[35m (11.7ms)[0m  [1m[36mcommit transaction[0m
  [1m[36mProduct Load (0.3ms)[0m  [1m[34mSELECT  "products".* FROM "products" WHERE "products"."name" = ? AND "products"."description" = ? AND "products"."price_in_cents" = ? LIMIT ?[0m  [["name", "Watch 6"], ["description", "Watch description 6"], ["price_in_cents", 99], ["LIMIT", 1]]
  [1m[35m (0.1ms)[0m  [1m[36mbegin transaction[0m
  [1m[35mSQL (2.2ms)[0m  [1m[32mINSERT INTO "products" ("name", "description", "price_in_cents", "created_at", "updated_at") VALUES (?, ?, ?, ?, ?)[0m  [["name", "Watch 6"], ["description", "Watch description 6"], ["price_in_cents", 99], ["created_at", "2018-02-10 00:50:09.085773"], ["updated_at", "2018-02-10 00:50:09.085773"]]
  [1m[35m (2.4ms)[0m  [1m[36mcommit transaction[0m
  [1m[36mProduct Load (0.8ms)[0m  [1m[34mSELECT  "products".* FROM "products" WHERE "products"."name" = ? AND "products"."description" = ? AND "products"."price_in_cents" = ? LIMIT ?[0m  [["name", "Watch 7"], ["description", "Watch description 7"], ["price_in_cents", 99], ["LIMIT", 1]]
  [1m[35m (0.3ms)[0m  [1m[36mbegin transaction[0m
  [1m[35mSQL (1.2ms)[0m  [1m[32mINSERT INTO "products" ("name", "description", "price_in_cents", "created_at", "updated_at") VALUES (?, ?, ?, ?, ?)[0m  [["name", "Watch 7"], ["description", "Watch description 7"], ["price_in_cents", 99], ["created_at", "2018-02-10 00:50:09.098517"], ["updated_at", "2018-02-10 00:50:09.098517"]]
  [1m[35m (3.8ms)[0m  [1m[36mcommit transaction[0m
  [1m[36mProduct Load (0.3ms)[0m  [1m[34mSELECT  "products".* FROM "products" WHERE "products"."name" = ? AND "products"."description" = ? AND "products"."price_in_cents" = ? LIMIT ?[0m  [["name", "Watch 8"], ["description", "Watch description 8"], ["price_in_cents", 99], ["LIMIT", 1]]
  [1m[35m (0.3ms)[0m  [1m[36mbegin transaction[0m
  [1m[35mSQL (1.4ms)[0m  [1m[32mINSERT INTO "products" ("name", "description", "price_in_cents", "created_at", "updated_at") VALUES (?, ?, ?, ?, ?)[0m  [["name", "Watch 8"], ["description", "Watch description 8"], ["price_in_cents", 99], ["created_at", "2018-02-10 00:50:09.107627"], ["updated_at", "2018-02-10 00:50:09.107627"]]
  [1m[35m (10.2ms)[0m  [1m[36mcommit transaction[0m
  [1m[36mProduct Load (0.3ms)[0m  [1m[34mSELECT  "products".* FROM "products" WHERE "products"."name" = ? AND "products"."description" = ? AND "products"."price_in_cents" = ? LIMIT ?[0m  [["name", "Watch 9"], ["description", "Watch description 9"], ["price_in_cents", 99], ["LIMIT", 1]]
  [1m[35m (0.1ms)[0m  [1m[36mbegin transaction[0m
  [1m[35mSQL (0.7ms)[0m  [1m[32mINSERT INTO "products" ("name", "description", "price_in_cents", "created_at", "updated_at") VALUES (?, ?, ?, ?, ?)[0m  [["name", "Watch 9"], ["description", "Watch description 9"], ["price_in_cents", 99], ["created_at", "2018-02-10 00:50:09.126482"], ["updated_at", "2018-02-10 00:50:09.126482"]]
  [1m[35m (3.2ms)[0m  [1m[36mcommit transaction[0m
  [1m[36mProduct Load (0.3ms)[0m  [1m[34mSELECT  "products".* FROM "products" WHERE "products"."name" = ? AND "products"."description" = ? AND "products"."price_in_cents" = ? LIMIT ?[0m  [["name", "Watch 10"], ["description", "Watch description 10"], ["price_in_cents", 99], ["LIMIT", 1]]
  [1m[35m (0.1ms)[0m  [1m[36mbegin transaction[0m
  [1m[35mSQL (1.1ms)[0m  [1m[32mINSERT INTO "products" ("name", "description", "price_in_cents", "created_at", "updated_at") VALUES (?, ?, ?, ?, ?)[0m  [["name", "Watch 10"], ["description", "Watch description 10"], ["price_in_cents", 99], ["created_at", "2018-02-10 00:50:09.135894"], ["updated_at", "2018-02-10 00:50:09.135894"]]
  [1m[35m (1.5ms)[0m  [1m[36mcommit transaction[0m
  [1m[36mProduct Load (2.7ms)[0m  [1m[34mSELECT  "products".* FROM "products" LIMIT ?[0m  [["LIMIT", 11]]
Started GET "/products" for 127.0.0.1 at 2018-02-09 19:52:16 -0500
  [1m[35m (0.2ms)[0m  [1m[34mSELECT "schema_migrations"."version" FROM "schema_migrations" ORDER BY "schema_migrations"."version" ASC[0m
Processing by ProductsController#index as HTML
  Rendering products/index.html.erb within layouts/application
  [1m[36mProduct Load (0.3ms)[0m  [1m[34mSELECT "products".* FROM "products"[0m
  Rendered products/index.html.erb within layouts/application (16.9ms)
Completed 200 OK in 396ms (Views: 374.9ms | ActiveRecord: 0.9ms)


Started GET "/products/1" for 127.0.0.1 at 2018-02-09 19:52:41 -0500
Processing by ProductsController#show as HTML
  Parameters: {"id"=>"1"}
  [1m[36mProduct Load (0.3ms)[0m  [1m[34mSELECT  "products".* FROM "products" WHERE "products"."id" = ? LIMIT ?[0m  [["id", 1], ["LIMIT", 1]]
  Rendering products/show.html.erb within layouts/application
  Rendered products/show.html.erb within layouts/application (1.4ms)
Completed 200 OK in 82ms (Views: 70.4ms | ActiveRecord: 0.7ms)


Started GET "/products/1" for 127.0.0.1 at 2018-02-09 19:55:09 -0500
Processing by ProductsController#show as HTML
  Parameters: {"id"=>"1"}
  [1m[36mProduct Load (0.2ms)[0m  [1m[34mSELECT  "products".* FROM "products" WHERE "products"."id" = ? LIMIT ?[0m  [["id", 1], ["LIMIT", 1]]
  Rendering products/show.html.erb within layouts/application
  Rendered products/show.html.erb within layouts/application (3.3ms)
Completed 200 OK in 213ms (Views: 203.4ms | ActiveRecord: 0.2ms)


Started GET "/products" for 127.0.0.1 at 2018-02-09 19:56:48 -0500
Processing by ProductsController#index as HTML
  Rendering products/index.html.erb within layouts/application
  [1m[36mProduct Load (0.3ms)[0m  [1m[34mSELECT "products".* FROM "products"[0m
  Rendered products/index.html.erb within layouts/application (6.6ms)
Completed 200 OK in 68ms (Views: 63.6ms | ActiveRecord: 0.3ms)


Started GET "/products" for 127.0.0.1 at 2018-02-09 19:57:08 -0500
Processing by ProductsController#index as HTML
  Rendering products/index.html.erb within layouts/application
  [1m[36mProduct Load (0.3ms)[0m  [1m[34mSELECT "products".* FROM "products"[0m
  Rendered products/index.html.erb within layouts/application (5.6ms)
Completed 200 OK in 39ms (Views: 34.2ms | ActiveRecord: 0.3ms)


Started GET "/products/1" for 127.0.0.1 at 2018-02-09 19:57:30 -0500
Processing by ProductsController#show as HTML
  Parameters: {"id"=>"1"}
  [1m[36mProduct Load (0.2ms)[0m  [1m[34mSELECT  "products".* FROM "products" WHERE "products"."id" = ? LIMIT ?[0m  [["id", 1], ["LIMIT", 1]]
  Rendering products/show.html.erb within layouts/application
  Rendered products/show.html.erb within layouts/application (2.8ms)
Completed 200 OK in 94ms (Views: 82.6ms | ActiveRecord: 0.2ms)


Started GET "/products/1" for 127.0.0.1 at 2018-02-09 19:59:28 -0500
Processing by ProductsController#show as HTML
  Parameters: {"id"=>"1"}
  [1m[36mProduct Load (0.5ms)[0m  [1m[34mSELECT  "products".* FROM "products" WHERE "products"."id" = ? LIMIT ?[0m  [["id", 1], ["LIMIT", 1]]
  Rendering products/show.html.erb within layouts/application
  Rendered products/show.html.erb within layouts/application (1.5ms)
Completed 200 OK in 266ms (Views: 247.3ms | ActiveRecord: 0.5ms)


Started GET "/products/1" for 127.0.0.1 at 2018-02-09 20:00:14 -0500
Processing by ProductsController#show as HTML
  Parameters: {"id"=>"1"}
  [1m[36mProduct Load (0.1ms)[0m  [1m[34mSELECT  "products".* FROM "products" WHERE "products"."id" = ? LIMIT ?[0m  [["id", 1], ["LIMIT", 1]]
  Rendering products/show.html.erb within layouts/application
  Rendered products/show.html.erb within layouts/application (1.2ms)
Completed 200 OK in 32ms (Views: 29.2ms | ActiveRecord: 0.1ms)


Started GET "/products" for 127.0.0.1 at 2018-02-09 20:00:17 -0500
Processing by ProductsController#index as HTML
  Rendering products/index.html.erb within layouts/application
  [1m[36mProduct Load (0.7ms)[0m  [1m[34mSELECT "products".* FROM "products"[0m
  Rendered products/index.html.erb within layouts/application (8.8ms)
Completed 200 OK in 107ms (Views: 98.1ms | ActiveRecord: 0.7ms)


Started GET "/products/2" for 127.0.0.1 at 2018-02-09 20:00:18 -0500
Processing by ProductsController#show as HTML
  Parameters: {"id"=>"2"}
  [1m[36mProduct Load (0.3ms)[0m  [1m[34mSELECT  "products".* FROM "products" WHERE "products"."id" = ? LIMIT ?[0m  [["id", 2], ["LIMIT", 1]]
  Rendering products/show.html.erb within layouts/application
  Rendered products/show.html.erb within layouts/application (5.3ms)
Completed 200 OK in 138ms (Views: 126.9ms | ActiveRecord: 0.3ms)


Started GET "/products" for 127.0.0.1 at 2018-02-09 20:00:20 -0500
Processing by ProductsController#index as HTML
  Rendering products/index.html.erb within layouts/application
  [1m[36mProduct Load (0.3ms)[0m  [1m[34mSELECT "products".* FROM "products"[0m
  Rendered products/index.html.erb within layouts/application (60.3ms)
Completed 200 OK in 170ms (Views: 165.3ms | ActiveRecord: 0.3ms)


Started GET "/products/3" for 127.0.0.1 at 2018-02-09 20:00:21 -0500
Processing by ProductsController#show as HTML
  Parameters: {"id"=>"3"}
  [1m[36mProduct Load (0.3ms)[0m  [1m[34mSELECT  "products".* FROM "products" WHERE "products"."id" = ? LIMIT ?[0m  [["id", 3], ["LIMIT", 1]]
  Rendering products/show.html.erb within layouts/application
  Rendered products/show.html.erb within layouts/application (1.4ms)
Completed 200 OK in 127ms (Views: 123.1ms | ActiveRecord: 0.3ms)


Started GET "/products" for 127.0.0.1 at 2018-02-09 20:00:22 -0500
Processing by ProductsController#index as HTML
  Rendering products/index.html.erb within layouts/application
  [1m[36mProduct Load (0.4ms)[0m  [1m[34mSELECT "products".* FROM "products"[0m
  Rendered products/index.html.erb within layouts/application (9.8ms)
Completed 200 OK in 258ms (Views: 249.2ms | ActiveRecord: 0.4ms)


Started GET "/products" for 127.0.0.1 at 2018-02-09 20:05:39 -0500
Processing by ProductsController#index as HTML
  Rendering products/index.html.erb within layouts/application
  [1m[36mProduct Load (0.5ms)[0m  [1m[34mSELECT "products".* FROM "products"[0m
  Rendered products/index.html.erb within layouts/application (5.5ms)
Completed 200 OK in 67ms (Views: 63.1ms | ActiveRecord: 0.5ms)


Started GET "/products/1" for 127.0.0.1 at 2018-02-09 20:09:25 -0500
Processing by ProductsController#show as HTML
  Parameters: {"id"=>"1"}
  [1m[36mProduct Load (0.5ms)[0m  [1m[34mSELECT  "products".* FROM "products" WHERE "products"."id" = ? LIMIT ?[0m  [["id", 1], ["LIMIT", 1]]
  Rendering products/show.html.erb within layouts/application
  Rendered products/show.html.erb within layouts/application (2.1ms)
Completed 200 OK in 143ms (Views: 134.5ms | ActiveRecord: 0.5ms)


Started GET "/products" for 127.0.0.1 at 2018-02-09 20:09:27 -0500
Processing by ProductsController#index as HTML
  Rendering products/index.html.erb within layouts/application
  [1m[36mProduct Load (0.5ms)[0m  [1m[34mSELECT "products".* FROM "products"[0m
  Rendered products/index.html.erb within layouts/application (10.9ms)
Completed 200 OK in 118ms (Views: 104.8ms | ActiveRecord: 0.5ms)


Started GET "/products/1" for 127.0.0.1 at 2018-02-09 20:15:14 -0500
  [1m[35m (0.3ms)[0m  [1m[34mSELECT "schema_migrations"."version" FROM "schema_migrations" ORDER BY "schema_migrations"."version" ASC[0m
  
ActiveRecord::PendingMigrationError (

Migrations are pending. To resolve this issue, run:

        bin/rails db:migrate RAILS_ENV=development

):
  
activerecord (5.1.4) lib/active_record/migration.rb:576:in `check_pending!'
activerecord (5.1.4) lib/active_record/migration.rb:553:in `call'
actionpack (5.1.4) lib/action_dispatch/middleware/callbacks.rb:26:in `block in call'
activesupport (5.1.4) lib/active_support/callbacks.rb:97:in `run_callbacks'
actionpack (5.1.4) lib/action_dispatch/middleware/callbacks.rb:24:in `call'
actionpack (5.1.4) lib/action_dispatch/middleware/executor.rb:12:in `call'
actionpack (5.1.4) lib/action_dispatch/middleware/debug_exceptions.rb:59:in `call'
web-console (3.5.1) lib/web_console/middleware.rb:135:in `call_app'
web-console (3.5.1) lib/web_console/middleware.rb:28:in `block in call'
web-console (3.5.1) lib/web_console/middleware.rb:18:in `catch'
web-console (3.5.1) lib/web_console/middleware.rb:18:in `call'
actionpack (5.1.4) lib/action_dispatch/middleware/show_exceptions.rb:31:in `call'
railties (5.1.4) lib/rails/rack/logger.rb:36:in `call_app'
railties (5.1.4) lib/rails/rack/logger.rb:24:in `block in call'
activesupport (5.1.4) lib/active_support/tagged_logging.rb:69:in `block in tagged'
activesupport (5.1.4) lib/active_support/tagged_logging.rb:26:in `tagged'
activesupport (5.1.4) lib/active_support/tagged_logging.rb:69:in `tagged'
railties (5.1.4) lib/rails/rack/logger.rb:24:in `call'
sprockets-rails (3.2.1) lib/sprockets/rails/quiet_assets.rb:13:in `call'
actionpack (5.1.4) lib/action_dispatch/middleware/remote_ip.rb:79:in `call'
actionpack (5.1.4) lib/action_dispatch/middleware/request_id.rb:25:in `call'
rack (2.0.4) lib/rack/method_override.rb:22:in `call'
rack (2.0.4) lib/rack/runtime.rb:22:in `call'
activesupport (5.1.4) lib/active_support/cache/strategy/local_cache_middleware.rb:27:in `call'
actionpack (5.1.4) lib/action_dispatch/middleware/executor.rb:12:in `call'
actionpack (5.1.4) lib/action_dispatch/middleware/static.rb:125:in `call'
rack (2.0.4) lib/rack/sendfile.rb:111:in `call'
railties (5.1.4) lib/rails/engine.rb:522:in `call'
puma (3.11.2) lib/puma/configuration.rb:225:in `call'
puma (3.11.2) lib/puma/server.rb:624:in `handle_request'
puma (3.11.2) lib/puma/server.rb:438:in `process_client'
puma (3.11.2) lib/puma/server.rb:302:in `block in run'
puma (3.11.2) lib/puma/thread_pool.rb:120:in `block in spawn_thread'
Started GET "/products" for 127.0.0.1 at 2018-02-09 20:15:16 -0500
  [1m[35m (0.3ms)[0m  [1m[34mSELECT "schema_migrations"."version" FROM "schema_migrations" ORDER BY "schema_migrations"."version" ASC[0m
  
ActiveRecord::PendingMigrationError (

Migrations are pending. To resolve this issue, run:

        bin/rails db:migrate RAILS_ENV=development

):
  
activerecord (5.1.4) lib/active_record/migration.rb:576:in `check_pending!'
activerecord (5.1.4) lib/active_record/migration.rb:553:in `call'
actionpack (5.1.4) lib/action_dispatch/middleware/callbacks.rb:26:in `block in call'
activesupport (5.1.4) lib/active_support/callbacks.rb:97:in `run_callbacks'
actionpack (5.1.4) lib/action_dispatch/middleware/callbacks.rb:24:in `call'
actionpack (5.1.4) lib/action_dispatch/middleware/executor.rb:12:in `call'
actionpack (5.1.4) lib/action_dispatch/middleware/debug_exceptions.rb:59:in `call'
web-console (3.5.1) lib/web_console/middleware.rb:135:in `call_app'
web-console (3.5.1) lib/web_console/middleware.rb:28:in `block in call'
web-console (3.5.1) lib/web_console/middleware.rb:18:in `catch'
web-console (3.5.1) lib/web_console/middleware.rb:18:in `call'
actionpack (5.1.4) lib/action_dispatch/middleware/show_exceptions.rb:31:in `call'
railties (5.1.4) lib/rails/rack/logger.rb:36:in `call_app'
railties (5.1.4) lib/rails/rack/logger.rb:24:in `block in call'
activesupport (5.1.4) lib/active_support/tagged_logging.rb:69:in `block in tagged'
activesupport (5.1.4) lib/active_support/tagged_logging.rb:26:in `tagged'
activesupport (5.1.4) lib/active_support/tagged_logging.rb:69:in `tagged'
railties (5.1.4) lib/rails/rack/logger.rb:24:in `call'
sprockets-rails (3.2.1) lib/sprockets/rails/quiet_assets.rb:13:in `call'
actionpack (5.1.4) lib/action_dispatch/middleware/remote_ip.rb:79:in `call'
actionpack (5.1.4) lib/action_dispatch/middleware/request_id.rb:25:in `call'
rack (2.0.4) lib/rack/method_override.rb:22:in `call'
rack (2.0.4) lib/rack/runtime.rb:22:in `call'
activesupport (5.1.4) lib/active_support/cache/strategy/local_cache_middleware.rb:27:in `call'
actionpack (5.1.4) lib/action_dispatch/middleware/executor.rb:12:in `call'
actionpack (5.1.4) lib/action_dispatch/middleware/static.rb:125:in `call'
rack (2.0.4) lib/rack/sendfile.rb:111:in `call'
railties (5.1.4) lib/rails/engine.rb:522:in `call'
puma (3.11.2) lib/puma/configuration.rb:225:in `call'
puma (3.11.2) lib/puma/server.rb:624:in `handle_request'
puma (3.11.2) lib/puma/server.rb:438:in `process_client'
puma (3.11.2) lib/puma/server.rb:302:in `block in run'
puma (3.11.2) lib/puma/thread_pool.rb:120:in `block in spawn_thread'
  [1m[35m (0.5ms)[0m  [1m[34mSELECT "schema_migrations"."version" FROM "schema_migrations" ORDER BY "schema_migrations"."version" ASC[0m
Migrating to CreateCarts (20180210011440)
  [1m[35m (0.1ms)[0m  [1m[36mbegin transaction[0m
  [1m[35m (0.1ms)[0m  [1m[34mSELECT sqlite_version(*)[0m
  [1m[35m (0.7ms)[0m  [1m[35mCREATE TABLE "carts" ("id" INTEGER PRIMARY KEY AUTOINCREMENT NOT NULL, "user_id" integer, "created_at" datetime NOT NULL, "updated_at" datetime NOT NULL)[0m
  [1m[35mSQL (0.3ms)[0m  [1m[32mINSERT INTO "schema_migrations" ("version") VALUES (?)[0m  [["version", "20180210011440"]]
  [1m[35m (2.7ms)[0m  [1m[36mcommit transaction[0m
  [1m[36mActiveRecord::InternalMetadata Load (7.6ms)[0m  [1m[34mSELECT  "ar_internal_metadata".* FROM "ar_internal_metadata" WHERE "ar_internal_metadata"."key" = ? LIMIT ?[0m  [["key", "environment"], ["LIMIT", 1]]
  [1m[35m (0.1ms)[0m  [1m[36mbegin transaction[0m
  [1m[35m (0.1ms)[0m  [1m[36mcommit transaction[0m
  [1m[35m (0.1ms)[0m  [1m[34mSELECT "schema_migrations"."version" FROM "schema_migrations" ORDER BY "schema_migrations"."version" ASC[0m
Started GET "/products" for 127.0.0.1 at 2018-02-09 20:15:38 -0500
  [1m[35m (0.1ms)[0m  [1m[34mSELECT "schema_migrations"."version" FROM "schema_migrations" ORDER BY "schema_migrations"."version" ASC[0m
Processing by ProductsController#index as HTML
  Rendering products/index.html.erb within layouts/application
  [1m[36mProduct Load (0.3ms)[0m  [1m[34mSELECT "products".* FROM "products"[0m
  Rendered products/index.html.erb within layouts/application (31.7ms)
Completed 200 OK in 140ms (Views: 124.3ms | ActiveRecord: 2.7ms)


Started GET "/products/1" for 127.0.0.1 at 2018-02-09 20:15:55 -0500
Processing by ProductsController#show as HTML
  Parameters: {"id"=>"1"}
  [1m[36mProduct Load (1.6ms)[0m  [1m[34mSELECT  "products".* FROM "products" WHERE "products"."id" = ? LIMIT ?[0m  [["id", 1], ["LIMIT", 1]]
  Rendering products/show.html.erb within layouts/application
  Rendered products/show.html.erb within layouts/application (18.5ms)
Completed 200 OK in 119ms (Views: 104.8ms | ActiveRecord: 1.6ms)


Started GET "/products" for 127.0.0.1 at 2018-02-09 20:15:56 -0500
Processing by ProductsController#index as HTML
  Rendering products/index.html.erb within layouts/application
  [1m[36mProduct Load (1.8ms)[0m  [1m[34mSELECT "products".* FROM "products"[0m
  Rendered products/index.html.erb within layouts/application (15.5ms)
Completed 200 OK in 126ms (Views: 113.7ms | ActiveRecord: 1.8ms)


Started GET "/products" for 127.0.0.1 at 2018-02-09 20:19:05 -0500
Processing by ProductsController#index as HTML
  Rendering products/index.html.erb within layouts/application
  [1m[36mProduct Load (1.3ms)[0m  [1m[34mSELECT "products".* FROM "products"[0m
  Rendered products/index.html.erb within layouts/application (30.5ms)
Completed 200 OK in 140ms (Views: 123.8ms | ActiveRecord: 1.3ms)


Started GET "/" for 127.0.0.1 at 2018-02-09 20:21:12 -0500
Processing by WelcomesController#home as HTML
  Rendering welcomes/home.html.erb within layouts/application
  Rendered welcomes/home.html.erb within layouts/application (2.8ms)
Completed 200 OK in 93ms (Views: 82.6ms | ActiveRecord: 0.0ms)


Started GET "/" for 127.0.0.1 at 2018-02-09 20:31:44 -0500
Processing by WelcomesController#home as HTML
  Rendering welcomes/home.html.erb within layouts/application
  Rendered welcomes/home.html.erb within layouts/application (11.8ms)
Completed 500 Internal Server Error in 225ms (ActiveRecord: 0.0ms)


  
ActionView::Template::Error (couldn't find file 'jquery' with type 'application/javascript'
Checked in these paths: 
  /Users/alex/Desktop/wyncode/ffproject/difficult/app/assets/config
  /Users/alex/Desktop/wyncode/ffproject/difficult/app/assets/images
  /Users/alex/Desktop/wyncode/ffproject/difficult/app/assets/javascripts
  /Users/alex/Desktop/wyncode/ffproject/difficult/app/assets/stylesheets
  /Users/alex/.rvm/gems/ruby-2.4.2/gems/actioncable-5.1.4/lib/assets/compiled
  /Users/alex/.rvm/gems/ruby-2.4.2/gems/actionview-5.1.4/lib/assets/compiled
  /Users/alex/.rvm/gems/ruby-2.4.2/gems/turbolinks-source-5.1.0/lib/assets/javascripts
  /Users/alex/Desktop/wyncode/ffproject/difficult/node_modules):
     5:     <%= csrf_meta_tags %>
     6: 
     7:     <%= stylesheet_link_tag    'application', media: 'all', 'data-turbolinks-track': 'reload' %>
     8:     <%= javascript_include_tag 'application', 'data-turbolinks-track': 'reload' %>
     9:   </head>
    10: 
    11:   <body>
  
app/assets/javascripts/application.js:16
app/views/layouts/application.html.erb:8:in `_app_views_layouts_application_html_erb___1908946458123104918_70304127191680'
Started GET "/" for 127.0.0.1 at 2018-02-09 20:32:20 -0500
Processing by WelcomesController#home as HTML
  Rendering welcomes/home.html.erb within layouts/application
  Rendered welcomes/home.html.erb within layouts/application (0.4ms)
Completed 500 Internal Server Error in 28ms (ActiveRecord: 0.0ms)


  
ActionView::Template::Error (couldn't find file 'materialize-sprockets' with type 'application/javascript'
Checked in these paths: 
  /Users/alex/Desktop/wyncode/ffproject/difficult/app/assets/config
  /Users/alex/Desktop/wyncode/ffproject/difficult/app/assets/images
  /Users/alex/Desktop/wyncode/ffproject/difficult/app/assets/javascripts
  /Users/alex/Desktop/wyncode/ffproject/difficult/app/assets/stylesheets
  /Users/alex/.rvm/gems/ruby-2.4.2/gems/actioncable-5.1.4/lib/assets/compiled
  /Users/alex/.rvm/gems/ruby-2.4.2/gems/actionview-5.1.4/lib/assets/compiled
  /Users/alex/.rvm/gems/ruby-2.4.2/gems/turbolinks-source-5.1.0/lib/assets/javascripts
  /Users/alex/Desktop/wyncode/ffproject/difficult/node_modules):
     5:     <%= csrf_meta_tags %>
     6: 
     7:     <%= stylesheet_link_tag    'application', media: 'all', 'data-turbolinks-track': 'reload' %>
     8:     <%= javascript_include_tag 'application', 'data-turbolinks-track': 'reload' %>
     9:   </head>
    10: 
    11:   <body>
  
app/assets/javascripts/application.js:16
app/views/layouts/application.html.erb:8:in `_app_views_layouts_application_html_erb___1908946458123104918_70304095871560'
Started GET "/" for 127.0.0.1 at 2018-02-09 20:40:32 -0500
Processing by WelcomesController#home as HTML
  Rendering welcomes/home.html.erb within layouts/application
  Rendered welcomes/home.html.erb within layouts/application (0.4ms)
Completed 500 Internal Server Error in 45ms (ActiveRecord: 0.0ms)


  
ActionView::Template::Error (File to import not found or unreadable: materialize.
Load paths:
  /Users/alex/Desktop/wyncode/ffproject/difficult/app/assets/config
  /Users/alex/Desktop/wyncode/ffproject/difficult/app/assets/images
  /Users/alex/Desktop/wyncode/ffproject/difficult/app/assets/javascripts
  /Users/alex/Desktop/wyncode/ffproject/difficult/app/assets/stylesheets
  /Users/alex/.rvm/gems/ruby-2.4.2/gems/actioncable-5.1.4/lib/assets/compiled
  /Users/alex/.rvm/gems/ruby-2.4.2/gems/actionview-5.1.4/lib/assets/compiled
  /Users/alex/.rvm/gems/ruby-2.4.2/gems/turbolinks-source-5.1.0/lib/assets/javascripts
  /Users/alex/Desktop/wyncode/ffproject/difficult/node_modules):
    4:     <title>Hard</title>
    5:     <%= csrf_meta_tags %>
    6: 
    7:     <%= stylesheet_link_tag    'application', media: 'all', 'data-turbolinks-track': 'reload' %>
    8:     <%= javascript_include_tag 'application', 'data-turbolinks-track': 'reload' %>
    9:   </head>
   10: 
  
app/assets/stylesheets/application.scss:17
app/views/layouts/application.html.erb:7:in `_app_views_layouts_application_html_erb___1908946458123104918_70304117719720'
Started GET "/" for 127.0.0.1 at 2018-02-09 20:41:20 -0500
Processing by WelcomesController#home as HTML
  Rendering welcomes/home.html.erb within layouts/application
  Rendered welcomes/home.html.erb within layouts/application (0.5ms)
Completed 500 Internal Server Error in 120ms (ActiveRecord: 0.0ms)


  
ActionView::Template::Error (File to import not found or unreadable: materialize.
Load paths:
  /Users/alex/Desktop/wyncode/ffproject/difficult/app/assets/config
  /Users/alex/Desktop/wyncode/ffproject/difficult/app/assets/images
  /Users/alex/Desktop/wyncode/ffproject/difficult/app/assets/javascripts
  /Users/alex/Desktop/wyncode/ffproject/difficult/app/assets/stylesheets
  /Users/alex/.rvm/gems/ruby-2.4.2/gems/actioncable-5.1.4/lib/assets/compiled
  /Users/alex/.rvm/gems/ruby-2.4.2/gems/actionview-5.1.4/lib/assets/compiled
  /Users/alex/.rvm/gems/ruby-2.4.2/gems/turbolinks-source-5.1.0/lib/assets/javascripts
  /Users/alex/Desktop/wyncode/ffproject/difficult/node_modules):
    4:     <title>Hard</title>
    5:     <%= csrf_meta_tags %>
    6: 
    7:     <%= stylesheet_link_tag    'application', media: 'all', 'data-turbolinks-track': 'reload' %>
    8:     <%= javascript_include_tag 'application', 'data-turbolinks-track': 'reload' %>
    9:   </head>
   10: 
  
app/assets/stylesheets/application.scss:17
app/views/layouts/application.html.erb:7:in `_app_views_layouts_application_html_erb___1908946458123104918_70304135283160'
Started GET "/" for 127.0.0.1 at 2018-02-09 20:43:46 -0500
Processing by WelcomesController#home as HTML
  Rendering welcomes/home.html.erb within layouts/application
  Rendered welcomes/home.html.erb within layouts/application (0.4ms)
Completed 500 Internal Server Error in 37ms (ActiveRecord: 0.0ms)


  
ActionView::Template::Error (File to import not found or unreadable: materialize.
Load paths:
  /Users/alex/Desktop/wyncode/ffproject/difficult/app/assets/config
  /Users/alex/Desktop/wyncode/ffproject/difficult/app/assets/images
  /Users/alex/Desktop/wyncode/ffproject/difficult/app/assets/javascripts
  /Users/alex/Desktop/wyncode/ffproject/difficult/app/assets/stylesheets
  /Users/alex/.rvm/gems/ruby-2.4.2/gems/actioncable-5.1.4/lib/assets/compiled
  /Users/alex/.rvm/gems/ruby-2.4.2/gems/actionview-5.1.4/lib/assets/compiled
  /Users/alex/.rvm/gems/ruby-2.4.2/gems/turbolinks-source-5.1.0/lib/assets/javascripts
  /Users/alex/Desktop/wyncode/ffproject/difficult/node_modules):
    4:     <title>Hard</title>
    5:     <%= csrf_meta_tags %>
    6: 
    7:     <%= stylesheet_link_tag    'application', media: 'all', 'data-turbolinks-track': 'reload' %>
    8:     <%= javascript_include_tag 'application', 'data-turbolinks-track': 'reload' %>
    9:     <link rel="stylesheet" href="https://cdnjs.cloudflare.com/ajax/libs/materialize/0.100.2/css/materialize.min.css">
   10:     <script src="https://cdnjs.cloudflare.com/ajax/libs/materialize/0.100.2/js/materialize.min.js"></script>
  
app/assets/stylesheets/application.scss:17
app/views/layouts/application.html.erb:7:in `_app_views_layouts_application_html_erb___1908946458123104918_70304127240820'
Started GET "/" for 127.0.0.1 at 2018-02-09 20:47:49 -0500
  [1m[35m (1.8ms)[0m  [1m[34mSELECT "schema_migrations"."version" FROM "schema_migrations" ORDER BY "schema_migrations"."version" ASC[0m
Processing by WelcomesController#home as HTML
  Rendering welcomes/home.html.erb within layouts/application
  Rendered welcomes/home.html.erb within layouts/application (2.3ms)
Completed 500 Internal Server Error in 8735ms (ActiveRecord: 0.0ms)


  
ActionView::Template::Error (couldn't find file 'jquery' with type 'application/javascript'
Checked in these paths: 
  /Users/alex/Desktop/wyncode/ffproject/difficult/app/assets/config
  /Users/alex/Desktop/wyncode/ffproject/difficult/app/assets/images
  /Users/alex/Desktop/wyncode/ffproject/difficult/app/assets/javascripts
  /Users/alex/Desktop/wyncode/ffproject/difficult/app/assets/stylesheets
  /Users/alex/.rvm/gems/ruby-2.4.2/gems/materialize-sass-0.100.2/app/assets/fonts
  /Users/alex/.rvm/gems/ruby-2.4.2/gems/materialize-sass-0.100.2/app/assets/javascripts
  /Users/alex/.rvm/gems/ruby-2.4.2/gems/materialize-sass-0.100.2/app/assets/stylesheets
  /Users/alex/.rvm/gems/ruby-2.4.2/gems/actioncable-5.1.4/lib/assets/compiled
  /Users/alex/.rvm/gems/ruby-2.4.2/gems/actionview-5.1.4/lib/assets/compiled
  /Users/alex/.rvm/gems/ruby-2.4.2/gems/turbolinks-source-5.1.0/lib/assets/javascripts
  /Users/alex/Desktop/wyncode/ffproject/difficult/node_modules
  /Users/alex/.rvm/gems/ruby-2.4.2/gems/materialize-sass-0.100.2/app/assets/stylesheets
  /Users/alex/.rvm/gems/ruby-2.4.2/gems/materialize-sass-0.100.2/app/assets/javascripts
  /Users/alex/.rvm/gems/ruby-2.4.2/gems/materialize-sass-0.100.2/app/assets/fonts
  /Users/alex/.rvm/gems/ruby-2.4.2/gems/materialize-sass-0.100.2/app/assets/images):
    4:     <title>Hard</title>
    5:     <%= csrf_meta_tags %>
    6: 
    7:     <%= stylesheet_link_tag    'application', media: 'all', 'data-turbolinks-track': 'reload' %>
    8:     <%= javascript_include_tag 'application', 'data-turbolinks-track': 'reload' %>
    9: 
   10:   </head>
  
app/assets/javascripts/application.js:13
app/views/layouts/application.html.erb:7:in `_app_views_layouts_application_html_erb___1429810218805573952_70339897380640'
Started GET "/" for 127.0.0.1 at 2018-02-09 20:52:22 -0500
Processing by WelcomesController#home as HTML
  Rendering welcomes/home.html.erb within layouts/application
  Rendered welcomes/home.html.erb within layouts/application (7.9ms)
Completed 500 Internal Server Error in 175ms (ActiveRecord: 0.0ms)


  
ActionView::Template::Error (couldn't find file 'jquery' with type 'application/javascript'
Checked in these paths: 
  /Users/alex/Desktop/wyncode/ffproject/difficult/app/assets/config
  /Users/alex/Desktop/wyncode/ffproject/difficult/app/assets/images
  /Users/alex/Desktop/wyncode/ffproject/difficult/app/assets/javascripts
  /Users/alex/Desktop/wyncode/ffproject/difficult/app/assets/stylesheets
  /Users/alex/.rvm/gems/ruby-2.4.2/gems/materialize-sass-0.100.2/app/assets/fonts
  /Users/alex/.rvm/gems/ruby-2.4.2/gems/materialize-sass-0.100.2/app/assets/javascripts
  /Users/alex/.rvm/gems/ruby-2.4.2/gems/materialize-sass-0.100.2/app/assets/stylesheets
  /Users/alex/.rvm/gems/ruby-2.4.2/gems/actioncable-5.1.4/lib/assets/compiled
  /Users/alex/.rvm/gems/ruby-2.4.2/gems/actionview-5.1.4/lib/assets/compiled
  /Users/alex/.rvm/gems/ruby-2.4.2/gems/turbolinks-source-5.1.0/lib/assets/javascripts
  /Users/alex/Desktop/wyncode/ffproject/difficult/node_modules
  /Users/alex/.rvm/gems/ruby-2.4.2/gems/materialize-sass-0.100.2/app/assets/stylesheets
  /Users/alex/.rvm/gems/ruby-2.4.2/gems/materialize-sass-0.100.2/app/assets/javascripts
  /Users/alex/.rvm/gems/ruby-2.4.2/gems/materialize-sass-0.100.2/app/assets/fonts
  /Users/alex/.rvm/gems/ruby-2.4.2/gems/materialize-sass-0.100.2/app/assets/images):
    4:     <title>Hard</title>
    5:     <%= csrf_meta_tags %>
    6: 
    7:     <%= stylesheet_link_tag    'application', media: 'all', 'data-turbolinks-track': 'reload' %>
    8:     <%= javascript_include_tag 'application', 'data-turbolinks-track': 'reload' %>
    9: 
   10:   </head>
  
app/assets/javascripts/application.js:13
app/views/layouts/application.html.erb:7:in `_app_views_layouts_application_html_erb___1429810218805573952_70339915261920'
Started GET "/" for 127.0.0.1 at 2018-02-09 20:54:41 -0500
Processing by WelcomesController#home as HTML
  Rendering welcomes/home.html.erb within layouts/application
  Rendered welcomes/home.html.erb within layouts/application (4.6ms)
Completed 500 Internal Server Error in 97ms (ActiveRecord: 0.0ms)


  
ActionView::Template::Error (couldn't find file 'jquery' with type 'application/javascript'
Checked in these paths: 
  /Users/alex/Desktop/wyncode/ffproject/difficult/app/assets/config
  /Users/alex/Desktop/wyncode/ffproject/difficult/app/assets/images
  /Users/alex/Desktop/wyncode/ffproject/difficult/app/assets/javascripts
  /Users/alex/Desktop/wyncode/ffproject/difficult/app/assets/stylesheets
  /Users/alex/.rvm/gems/ruby-2.4.2/gems/materialize-sass-0.100.2/app/assets/fonts
  /Users/alex/.rvm/gems/ruby-2.4.2/gems/materialize-sass-0.100.2/app/assets/javascripts
  /Users/alex/.rvm/gems/ruby-2.4.2/gems/materialize-sass-0.100.2/app/assets/stylesheets
  /Users/alex/.rvm/gems/ruby-2.4.2/gems/actioncable-5.1.4/lib/assets/compiled
  /Users/alex/.rvm/gems/ruby-2.4.2/gems/actionview-5.1.4/lib/assets/compiled
  /Users/alex/.rvm/gems/ruby-2.4.2/gems/turbolinks-source-5.1.0/lib/assets/javascripts
  /Users/alex/Desktop/wyncode/ffproject/difficult/node_modules
  /Users/alex/.rvm/gems/ruby-2.4.2/gems/materialize-sass-0.100.2/app/assets/stylesheets
  /Users/alex/.rvm/gems/ruby-2.4.2/gems/materialize-sass-0.100.2/app/assets/javascripts
  /Users/alex/.rvm/gems/ruby-2.4.2/gems/materialize-sass-0.100.2/app/assets/fonts
  /Users/alex/.rvm/gems/ruby-2.4.2/gems/materialize-sass-0.100.2/app/assets/images):
    4:     <title>Hard</title>
    5:     <%= csrf_meta_tags %>
    6: 
    7:     <%= stylesheet_link_tag    'application', media: 'all', 'data-turbolinks-track': 'reload' %>
    8:     <%= javascript_include_tag 'application', 'data-turbolinks-track': 'reload' %>
    9: 
   10:   </head>
  
app/assets/javascripts/application.js:13
app/views/layouts/application.html.erb:7:in `_app_views_layouts_application_html_erb___1429810218805573952_70339935218460'
Started GET "/" for 127.0.0.1 at 2018-02-09 20:55:02 -0500
Processing by WelcomesController#home as HTML
  Rendering welcomes/home.html.erb within layouts/application
  Rendered welcomes/home.html.erb within layouts/application (0.4ms)
Completed 500 Internal Server Error in 33ms (ActiveRecord: 0.0ms)


  
ActionView::Template::Error (couldn't find file 'jquery' with type 'application/javascript'
Checked in these paths: 
  /Users/alex/Desktop/wyncode/ffproject/difficult/app/assets/config
  /Users/alex/Desktop/wyncode/ffproject/difficult/app/assets/images
  /Users/alex/Desktop/wyncode/ffproject/difficult/app/assets/javascripts
  /Users/alex/Desktop/wyncode/ffproject/difficult/app/assets/stylesheets
  /Users/alex/.rvm/gems/ruby-2.4.2/gems/materialize-sass-0.100.2/app/assets/fonts
  /Users/alex/.rvm/gems/ruby-2.4.2/gems/materialize-sass-0.100.2/app/assets/javascripts
  /Users/alex/.rvm/gems/ruby-2.4.2/gems/materialize-sass-0.100.2/app/assets/stylesheets
  /Users/alex/.rvm/gems/ruby-2.4.2/gems/actioncable-5.1.4/lib/assets/compiled
  /Users/alex/.rvm/gems/ruby-2.4.2/gems/actionview-5.1.4/lib/assets/compiled
  /Users/alex/.rvm/gems/ruby-2.4.2/gems/turbolinks-source-5.1.0/lib/assets/javascripts
  /Users/alex/Desktop/wyncode/ffproject/difficult/node_modules
  /Users/alex/.rvm/gems/ruby-2.4.2/gems/materialize-sass-0.100.2/app/assets/stylesheets
  /Users/alex/.rvm/gems/ruby-2.4.2/gems/materialize-sass-0.100.2/app/assets/javascripts
  /Users/alex/.rvm/gems/ruby-2.4.2/gems/materialize-sass-0.100.2/app/assets/fonts
  /Users/alex/.rvm/gems/ruby-2.4.2/gems/materialize-sass-0.100.2/app/assets/images):
    4:     <title>Hard</title>
    5:     <%= csrf_meta_tags %>
    6: 
    7:     <%= stylesheet_link_tag    'application', media: 'all', 'data-turbolinks-track': 'reload' %>
    8:     <%= javascript_include_tag 'application', 'data-turbolinks-track': 'reload' %>
    9: 
   10:   </head>
  
app/assets/javascripts/application.js:13
app/views/layouts/application.html.erb:7:in `_app_views_layouts_application_html_erb___1429810218805573952_70339898162300'
Started GET "/" for 127.0.0.1 at 2018-02-09 20:56:57 -0500
Processing by WelcomesController#home as HTML
  Rendering welcomes/home.html.erb within layouts/application
  Rendered welcomes/home.html.erb within layouts/application (4.1ms)
Completed 500 Internal Server Error in 161ms (ActiveRecord: 0.0ms)


  
ActionView::Template::Error (couldn't find file 'jquery-ui' with type 'application/javascript'
Checked in these paths: 
  /Users/alex/Desktop/wyncode/ffproject/difficult/app/assets/config
  /Users/alex/Desktop/wyncode/ffproject/difficult/app/assets/images
  /Users/alex/Desktop/wyncode/ffproject/difficult/app/assets/javascripts
  /Users/alex/Desktop/wyncode/ffproject/difficult/app/assets/stylesheets
  /Users/alex/.rvm/gems/ruby-2.4.2/gems/materialize-sass-0.100.2/app/assets/fonts
  /Users/alex/.rvm/gems/ruby-2.4.2/gems/materialize-sass-0.100.2/app/assets/javascripts
  /Users/alex/.rvm/gems/ruby-2.4.2/gems/materialize-sass-0.100.2/app/assets/stylesheets
  /Users/alex/.rvm/gems/ruby-2.4.2/gems/actioncable-5.1.4/lib/assets/compiled
  /Users/alex/.rvm/gems/ruby-2.4.2/gems/actionview-5.1.4/lib/assets/compiled
  /Users/alex/.rvm/gems/ruby-2.4.2/gems/turbolinks-source-5.1.0/lib/assets/javascripts
  /Users/alex/Desktop/wyncode/ffproject/difficult/node_modules
  /Users/alex/.rvm/gems/ruby-2.4.2/gems/materialize-sass-0.100.2/app/assets/stylesheets
  /Users/alex/.rvm/gems/ruby-2.4.2/gems/materialize-sass-0.100.2/app/assets/javascripts
  /Users/alex/.rvm/gems/ruby-2.4.2/gems/materialize-sass-0.100.2/app/assets/fonts
  /Users/alex/.rvm/gems/ruby-2.4.2/gems/materialize-sass-0.100.2/app/assets/images):
    4:     <title>Hard</title>
    5:     <%= csrf_meta_tags %>
    6: 
    7:     <%= stylesheet_link_tag    'application', media: 'all', 'data-turbolinks-track': 'reload' %>
    8:     <%= javascript_include_tag 'application', 'data-turbolinks-track': 'reload' %>
    9: 
   10:   </head>
  
app/assets/javascripts/application.js:13
app/views/layouts/application.html.erb:7:in `_app_views_layouts_application_html_erb___1429810218805573952_70339899092720'
Started GET "/" for 127.0.0.1 at 2018-02-09 20:57:05 -0500
Processing by WelcomesController#home as HTML
  Rendering welcomes/home.html.erb within layouts/application
  Rendered welcomes/home.html.erb within layouts/application (0.7ms)
Completed 200 OK in 1221ms (Views: 1215.0ms | ActiveRecord: 0.0ms)


Started GET "/products" for 127.0.0.1 at 2018-02-09 20:57:12 -0500
Processing by ProductsController#index as HTML
  Rendering products/index.html.erb within layouts/application
  [1m[36mProduct Load (2.0ms)[0m  [1m[34mSELECT "products".* FROM "products"[0m
  Rendered products/index.html.erb within layouts/application (33.6ms)
Completed 200 OK in 128ms (Views: 113.6ms | ActiveRecord: 2.9ms)


Started GET "/products" for 127.0.0.1 at 2018-02-09 21:01:27 -0500
Processing by ProductsController#index as HTML
  Rendering products/index.html.erb within layouts/application
  [1m[36mProduct Load (3.3ms)[0m  [1m[34mSELECT "products".* FROM "products"[0m
  Rendered products/index.html.erb within layouts/application (29.5ms)
Completed 200 OK in 422ms (Views: 396.2ms | ActiveRecord: 3.3ms)


Started GET "/products" for 127.0.0.1 at 2018-02-09 21:03:01 -0500
Processing by ProductsController#index as HTML
  Rendering products/index.html.erb within layouts/application
  [1m[36mProduct Load (0.3ms)[0m  [1m[34mSELECT "products".* FROM "products"[0m
  Rendered products/index.html.erb within layouts/application (7.7ms)
Completed 200 OK in 278ms (Views: 273.0ms | ActiveRecord: 0.3ms)


Started GET "/products" for 127.0.0.1 at 2018-02-09 21:03:36 -0500
Processing by ProductsController#index as HTML
  Rendering products/index.html.erb within layouts/application
  [1m[36mProduct Load (0.3ms)[0m  [1m[34mSELECT "products".* FROM "products"[0m
  Rendered products/index.html.erb within layouts/application (5.4ms)
Completed 200 OK in 162ms (Views: 156.3ms | ActiveRecord: 0.3ms)


Started GET "/products" for 127.0.0.1 at 2018-02-09 21:03:58 -0500
Processing by ProductsController#index as HTML
  Rendering products/index.html.erb within layouts/application
  [1m[36mProduct Load (0.2ms)[0m  [1m[34mSELECT "products".* FROM "products"[0m
  Rendered products/index.html.erb within layouts/application (5.2ms)
Completed 200 OK in 140ms (Views: 136.6ms | ActiveRecord: 0.2ms)


Started GET "/" for 127.0.0.1 at 2018-02-09 21:04:18 -0500
Processing by WelcomesController#home as HTML
  Rendering welcomes/home.html.erb within layouts/application
  Rendered welcomes/home.html.erb within layouts/application (0.9ms)
Completed 200 OK in 192ms (Views: 186.5ms | ActiveRecord: 0.0ms)


Started GET "/" for 127.0.0.1 at 2018-02-09 21:05:27 -0500
Processing by WelcomesController#home as HTML
  Rendering welcomes/home.html.erb within layouts/application
  Rendered welcomes/home.html.erb within layouts/application (0.6ms)
Completed 500 Internal Server Error in 1335ms (ActiveRecord: 0.0ms)


  
ActionView::Template::Error (undefined local variable or method `products' for #<#<Class:0x00007ff2907ba478>:0x00007ff28ff09d88>
Did you mean?  products_url):
    15:         <div class="nav-wrapper blue-grey darken-1">
    16:           <a href="#" class="brand-logo center">Our Watch Store</a>
    17:           <ul id="nav-mobile" class="left hide-on-med-and-down">
    18:             <li><%= link_to 'SHOP', products %></li>
    19:             <li><a href="sass.html">HOME</a></li>
    20:             <li><a href="badges.html">SHOP</a></li>
    21:           </ul>
  
app/views/layouts/application.html.erb:18:in `_app_views_layouts_application_html_erb___1429810218805573952_70339930394120'
Started GET "/" for 127.0.0.1 at 2018-02-09 21:05:40 -0500
Processing by WelcomesController#home as HTML
  Rendering welcomes/home.html.erb within layouts/application
  Rendered welcomes/home.html.erb within layouts/application (0.6ms)
Completed 200 OK in 192ms (Views: 189.3ms | ActiveRecord: 0.0ms)


Started GET "/" for 127.0.0.1 at 2018-02-09 21:07:11 -0500
Processing by WelcomesController#home as HTML
  Rendering welcomes/home.html.erb within layouts/application
  Rendered welcomes/home.html.erb within layouts/application (0.7ms)
Completed 500 Internal Server Error in 605ms (ActiveRecord: 0.0ms)


  
ActionView::Template::Error (undefined local variable or method `products' for #<#<Class:0x00007ff2907ba478>:0x00007ff2936c9a20>
Did you mean?  products_url):
    15:         <div class="nav-wrapper blue-grey darken-1">
    16:           <a href="#" class="brand-logo center">Our Watch Store</a>
    17:           <ul id="nav-mobile" class="left hide-on-med-and-down">
    18:             <li><%= link_to 'SHOP', products %></li>
    19:             <li><a href="sass.html">HOME</a></li>
    20:             <li><a href="badges.html">SHOP</a></li>
    21:           </ul>
  
app/views/layouts/application.html.erb:18:in `_app_views_layouts_application_html_erb___1429810218805573952_70339916182260'
Started GET "/" for 127.0.0.1 at 2018-02-09 21:08:33 -0500
Processing by WelcomesController#home as HTML
  Rendering welcomes/home.html.erb within layouts/application
  Rendered welcomes/home.html.erb within layouts/application (0.5ms)
Completed 200 OK in 182ms (Views: 178.8ms | ActiveRecord: 0.0ms)


Started GET "/" for 127.0.0.1 at 2018-02-09 21:08:43 -0500
Processing by WelcomesController#home as HTML
  Rendering welcomes/home.html.erb within layouts/application
  Rendered welcomes/home.html.erb within layouts/application (0.5ms)
Completed 200 OK in 194ms (Views: 189.5ms | ActiveRecord: 0.0ms)


Started GET "/products" for 127.0.0.1 at 2018-02-09 21:08:46 -0500
Processing by ProductsController#index as HTML
  Rendering products/index.html.erb within layouts/application
  [1m[36mProduct Load (1.8ms)[0m  [1m[34mSELECT "products".* FROM "products"[0m
  Rendered products/index.html.erb within layouts/application (14.4ms)
Completed 200 OK in 281ms (Views: 273.9ms | ActiveRecord: 1.8ms)


Started GET "/products" for 127.0.0.1 at 2018-02-09 21:09:01 -0500
Processing by ProductsController#index as HTML
  Rendering products/index.html.erb within layouts/application
  [1m[36mProduct Load (0.2ms)[0m  [1m[34mSELECT "products".* FROM "products"[0m
  Rendered products/index.html.erb within layouts/application (4.4ms)
Completed 200 OK in 180ms (Views: 175.8ms | ActiveRecord: 0.2ms)


Started GET "/sass.html" for 127.0.0.1 at 2018-02-09 21:09:04 -0500
  
ActionController::RoutingError (No route matches [GET] "/sass.html"):
  
actionpack (5.1.4) lib/action_dispatch/middleware/debug_exceptions.rb:63:in `call'
web-console (3.5.1) lib/web_console/middleware.rb:135:in `call_app'
web-console (3.5.1) lib/web_console/middleware.rb:28:in `block in call'
web-console (3.5.1) lib/web_console/middleware.rb:18:in `catch'
web-console (3.5.1) lib/web_console/middleware.rb:18:in `call'
actionpack (5.1.4) lib/action_dispatch/middleware/show_exceptions.rb:31:in `call'
railties (5.1.4) lib/rails/rack/logger.rb:36:in `call_app'
railties (5.1.4) lib/rails/rack/logger.rb:24:in `block in call'
activesupport (5.1.4) lib/active_support/tagged_logging.rb:69:in `block in tagged'
activesupport (5.1.4) lib/active_support/tagged_logging.rb:26:in `tagged'
activesupport (5.1.4) lib/active_support/tagged_logging.rb:69:in `tagged'
railties (5.1.4) lib/rails/rack/logger.rb:24:in `call'
sprockets-rails (3.2.1) lib/sprockets/rails/quiet_assets.rb:13:in `call'
actionpack (5.1.4) lib/action_dispatch/middleware/remote_ip.rb:79:in `call'
actionpack (5.1.4) lib/action_dispatch/middleware/request_id.rb:25:in `call'
rack (2.0.4) lib/rack/method_override.rb:22:in `call'
rack (2.0.4) lib/rack/runtime.rb:22:in `call'
activesupport (5.1.4) lib/active_support/cache/strategy/local_cache_middleware.rb:27:in `call'
actionpack (5.1.4) lib/action_dispatch/middleware/executor.rb:12:in `call'
actionpack (5.1.4) lib/action_dispatch/middleware/static.rb:125:in `call'
rack (2.0.4) lib/rack/sendfile.rb:111:in `call'
railties (5.1.4) lib/rails/engine.rb:522:in `call'
puma (3.11.2) lib/puma/configuration.rb:225:in `call'
puma (3.11.2) lib/puma/server.rb:624:in `handle_request'
puma (3.11.2) lib/puma/server.rb:438:in `process_client'
puma (3.11.2) lib/puma/server.rb:302:in `block in run'
puma (3.11.2) lib/puma/thread_pool.rb:120:in `block in spawn_thread'
Started GET "/sass.html" for 127.0.0.1 at 2018-02-09 21:09:38 -0500
  
ActionController::RoutingError (No route matches [GET] "/sass.html"):
  
actionpack (5.1.4) lib/action_dispatch/middleware/debug_exceptions.rb:63:in `call'
web-console (3.5.1) lib/web_console/middleware.rb:135:in `call_app'
web-console (3.5.1) lib/web_console/middleware.rb:28:in `block in call'
web-console (3.5.1) lib/web_console/middleware.rb:18:in `catch'
web-console (3.5.1) lib/web_console/middleware.rb:18:in `call'
actionpack (5.1.4) lib/action_dispatch/middleware/show_exceptions.rb:31:in `call'
railties (5.1.4) lib/rails/rack/logger.rb:36:in `call_app'
railties (5.1.4) lib/rails/rack/logger.rb:24:in `block in call'
activesupport (5.1.4) lib/active_support/tagged_logging.rb:69:in `block in tagged'
activesupport (5.1.4) lib/active_support/tagged_logging.rb:26:in `tagged'
activesupport (5.1.4) lib/active_support/tagged_logging.rb:69:in `tagged'
railties (5.1.4) lib/rails/rack/logger.rb:24:in `call'
sprockets-rails (3.2.1) lib/sprockets/rails/quiet_assets.rb:13:in `call'
actionpack (5.1.4) lib/action_dispatch/middleware/remote_ip.rb:79:in `call'
actionpack (5.1.4) lib/action_dispatch/middleware/request_id.rb:25:in `call'
rack (2.0.4) lib/rack/method_override.rb:22:in `call'
rack (2.0.4) lib/rack/runtime.rb:22:in `call'
activesupport (5.1.4) lib/active_support/cache/strategy/local_cache_middleware.rb:27:in `call'
actionpack (5.1.4) lib/action_dispatch/middleware/executor.rb:12:in `call'
actionpack (5.1.4) lib/action_dispatch/middleware/static.rb:125:in `call'
rack (2.0.4) lib/rack/sendfile.rb:111:in `call'
railties (5.1.4) lib/rails/engine.rb:522:in `call'
puma (3.11.2) lib/puma/configuration.rb:225:in `call'
puma (3.11.2) lib/puma/server.rb:624:in `handle_request'
puma (3.11.2) lib/puma/server.rb:438:in `process_client'
puma (3.11.2) lib/puma/server.rb:302:in `block in run'
puma (3.11.2) lib/puma/thread_pool.rb:120:in `block in spawn_thread'
Started GET "/sass.html" for 127.0.0.1 at 2018-02-09 21:09:41 -0500
  
ActionController::RoutingError (No route matches [GET] "/sass.html"):
  
actionpack (5.1.4) lib/action_dispatch/middleware/debug_exceptions.rb:63:in `call'
web-console (3.5.1) lib/web_console/middleware.rb:135:in `call_app'
web-console (3.5.1) lib/web_console/middleware.rb:28:in `block in call'
web-console (3.5.1) lib/web_console/middleware.rb:18:in `catch'
web-console (3.5.1) lib/web_console/middleware.rb:18:in `call'
actionpack (5.1.4) lib/action_dispatch/middleware/show_exceptions.rb:31:in `call'
railties (5.1.4) lib/rails/rack/logger.rb:36:in `call_app'
railties (5.1.4) lib/rails/rack/logger.rb:24:in `block in call'
activesupport (5.1.4) lib/active_support/tagged_logging.rb:69:in `block in tagged'
activesupport (5.1.4) lib/active_support/tagged_logging.rb:26:in `tagged'
activesupport (5.1.4) lib/active_support/tagged_logging.rb:69:in `tagged'
railties (5.1.4) lib/rails/rack/logger.rb:24:in `call'
sprockets-rails (3.2.1) lib/sprockets/rails/quiet_assets.rb:13:in `call'
actionpack (5.1.4) lib/action_dispatch/middleware/remote_ip.rb:79:in `call'
actionpack (5.1.4) lib/action_dispatch/middleware/request_id.rb:25:in `call'
rack (2.0.4) lib/rack/method_override.rb:22:in `call'
rack (2.0.4) lib/rack/runtime.rb:22:in `call'
activesupport (5.1.4) lib/active_support/cache/strategy/local_cache_middleware.rb:27:in `call'
actionpack (5.1.4) lib/action_dispatch/middleware/executor.rb:12:in `call'
actionpack (5.1.4) lib/action_dispatch/middleware/static.rb:125:in `call'
rack (2.0.4) lib/rack/sendfile.rb:111:in `call'
railties (5.1.4) lib/rails/engine.rb:522:in `call'
puma (3.11.2) lib/puma/configuration.rb:225:in `call'
puma (3.11.2) lib/puma/server.rb:624:in `handle_request'
puma (3.11.2) lib/puma/server.rb:438:in `process_client'
puma (3.11.2) lib/puma/server.rb:302:in `block in run'
puma (3.11.2) lib/puma/thread_pool.rb:120:in `block in spawn_thread'
Started GET "/" for 127.0.0.1 at 2018-02-09 21:09:45 -0500
Processing by WelcomesController#home as HTML
  Rendering welcomes/home.html.erb within layouts/application
  Rendered welcomes/home.html.erb within layouts/application (0.4ms)
Completed 200 OK in 174ms (Views: 169.8ms | ActiveRecord: 0.0ms)


Started GET "/" for 127.0.0.1 at 2018-02-09 21:09:47 -0500
Processing by WelcomesController#home as HTML
  Rendering welcomes/home.html.erb within layouts/application
  Rendered welcomes/home.html.erb within layouts/application (0.8ms)
Completed 200 OK in 178ms (Views: 174.6ms | ActiveRecord: 0.0ms)


Started GET "/products" for 127.0.0.1 at 2018-02-09 21:09:49 -0500
Processing by ProductsController#index as HTML
  Rendering products/index.html.erb within layouts/application
  [1m[36mProduct Load (0.4ms)[0m  [1m[34mSELECT "products".* FROM "products"[0m
  Rendered products/index.html.erb within layouts/application (14.3ms)
Completed 200 OK in 200ms (Views: 193.2ms | ActiveRecord: 0.4ms)


Started GET "/" for 127.0.0.1 at 2018-02-09 21:09:50 -0500
Processing by WelcomesController#home as HTML
  Rendering welcomes/home.html.erb within layouts/application
  Rendered welcomes/home.html.erb within layouts/application (1.2ms)
Completed 200 OK in 359ms (Views: 355.1ms | ActiveRecord: 0.0ms)


Started GET "/products" for 127.0.0.1 at 2018-02-09 21:09:51 -0500
Processing by ProductsController#index as HTML
  Rendering products/index.html.erb within layouts/application
  [1m[36mProduct Load (0.6ms)[0m  [1m[34mSELECT "products".* FROM "products"[0m
  Rendered products/index.html.erb within layouts/application (12.1ms)
Completed 200 OK in 435ms (Views: 429.3ms | ActiveRecord: 0.6ms)


Started GET "/products" for 127.0.0.1 at 2018-02-09 21:11:28 -0500
Processing by ProductsController#index as HTML
  Rendering products/index.html.erb within layouts/application
  [1m[36mProduct Load (0.2ms)[0m  [1m[34mSELECT "products".* FROM "products"[0m
  Rendered products/index.html.erb within layouts/application (5.7ms)
Completed 200 OK in 181ms (Views: 172.4ms | ActiveRecord: 0.2ms)


Started GET "/products" for 127.0.0.1 at 2018-02-09 21:13:21 -0500
Processing by ProductsController#index as HTML
  Rendering products/index.html.erb within layouts/application
  [1m[36mProduct Load (0.2ms)[0m  [1m[34mSELECT "products".* FROM "products"[0m
  Rendered products/index.html.erb within layouts/application (5.0ms)
Completed 200 OK in 185ms (Views: 179.4ms | ActiveRecord: 0.2ms)


Started GET "/products" for 127.0.0.1 at 2018-02-09 21:14:06 -0500
Processing by ProductsController#index as HTML
  Rendering products/index.html.erb within layouts/application
  [1m[36mProduct Load (0.3ms)[0m  [1m[34mSELECT "products".* FROM "products"[0m
  Rendered products/index.html.erb within layouts/application (5.6ms)
Completed 200 OK in 186ms (Views: 182.8ms | ActiveRecord: 0.3ms)


Started GET "/" for 127.0.0.1 at 2018-02-09 21:14:13 -0500
Processing by WelcomesController#home as HTML
  Rendering welcomes/home.html.erb within layouts/application
  Rendered welcomes/home.html.erb within layouts/application (0.5ms)
Completed 200 OK in 232ms (Views: 223.6ms | ActiveRecord: 0.0ms)


Started GET "/products" for 127.0.0.1 at 2018-02-09 21:14:14 -0500
Processing by ProductsController#index as HTML
  Rendering products/index.html.erb within layouts/application
  [1m[36mProduct Load (0.3ms)[0m  [1m[34mSELECT "products".* FROM "products"[0m
  Rendered products/index.html.erb within layouts/application (57.9ms)
Completed 200 OK in 410ms (Views: 393.6ms | ActiveRecord: 0.3ms)


Started GET "/products" for 127.0.0.1 at 2018-02-09 21:15:31 -0500
Processing by ProductsController#index as HTML
  Rendering products/index.html.erb within layouts/application
  [1m[36mProduct Load (0.9ms)[0m  [1m[34mSELECT "products".* FROM "products"[0m
  Rendered products/index.html.erb within layouts/application (60.3ms)
Completed 500 Internal Server Error in 114ms (ActiveRecord: 0.9ms)


  
ActionView::Template::Error (Invalid CSS after "...t "materialize"": expected selector or at-rule, was ".left {"):
    4:     <title>Hard</title>
    5:     <%= csrf_meta_tags %>
    6: 
    7:     <%= stylesheet_link_tag    'application', media: 'all', 'data-turbolinks-track': 'reload' %>
    8:     <%= javascript_include_tag 'application', 'data-turbolinks-track': 'reload' %>
    9: 
   10:   </head>
  
app/assets/stylesheets/application.scss:3
app/views/layouts/application.html.erb:7:in `_app_views_layouts_application_html_erb___1429810218805573952_70339884389460'
Started GET "/products" for 127.0.0.1 at 2018-02-09 21:15:51 -0500
Processing by ProductsController#index as HTML
  Rendering products/index.html.erb within layouts/application
  [1m[36mProduct Load (0.2ms)[0m  [1m[34mSELECT "products".* FROM "products"[0m
  Rendered products/index.html.erb within layouts/application (4.0ms)
Completed 200 OK in 3859ms (Views: 3855.0ms | ActiveRecord: 0.2ms)


Started GET "/products" for 127.0.0.1 at 2018-02-09 21:16:25 -0500
Processing by ProductsController#index as HTML
  Rendering products/index.html.erb within layouts/application
  [1m[36mProduct Load (0.2ms)[0m  [1m[34mSELECT "products".* FROM "products"[0m
  Rendered products/index.html.erb within layouts/application (4.1ms)
Completed 200 OK in 3548ms (Views: 3545.3ms | ActiveRecord: 0.2ms)


Started GET "/products" for 127.0.0.1 at 2018-02-09 21:16:48 -0500
Processing by ProductsController#index as HTML
  Rendering products/index.html.erb within layouts/application
  [1m[36mProduct Load (0.5ms)[0m  [1m[34mSELECT "products".* FROM "products"[0m
  Rendered products/index.html.erb within layouts/application (4.8ms)
Completed 200 OK in 234ms (Views: 230.5ms | ActiveRecord: 0.5ms)


Started GET "/products" for 127.0.0.1 at 2018-02-09 21:17:05 -0500
Processing by ProductsController#index as HTML
  Rendering products/index.html.erb within layouts/application
  [1m[36mProduct Load (0.2ms)[0m  [1m[34mSELECT "products".* FROM "products"[0m
  Rendered products/index.html.erb within layouts/application (4.1ms)
Completed 200 OK in 3606ms (Views: 3602.9ms | ActiveRecord: 0.2ms)


Started GET "/products" for 127.0.0.1 at 2018-02-09 21:17:43 -0500
Processing by ProductsController#index as HTML
  Rendering products/index.html.erb within layouts/application
  [1m[36mProduct Load (0.2ms)[0m  [1m[34mSELECT "products".* FROM "products"[0m
  Rendered products/index.html.erb within layouts/application (5.7ms)
Completed 200 OK in 211ms (Views: 207.2ms | ActiveRecord: 0.2ms)


Started GET "/products" for 127.0.0.1 at 2018-02-09 21:18:19 -0500
Processing by ProductsController#index as HTML
  Rendering products/index.html.erb within layouts/application
  [1m[36mProduct Load (0.2ms)[0m  [1m[34mSELECT "products".* FROM "products"[0m
  Rendered products/index.html.erb within layouts/application (5.6ms)
Completed 200 OK in 3558ms (Views: 3552.9ms | ActiveRecord: 0.2ms)


Started GET "/products" for 127.0.0.1 at 2018-02-09 21:18:52 -0500
Processing by ProductsController#index as HTML
  Rendering products/index.html.erb within layouts/application
  [1m[36mProduct Load (0.3ms)[0m  [1m[34mSELECT "products".* FROM "products"[0m
  Rendered products/index.html.erb within layouts/application (6.1ms)
Completed 200 OK in 3486ms (Views: 3480.3ms | ActiveRecord: 0.3ms)


Started GET "/products" for 127.0.0.1 at 2018-02-09 21:19:07 -0500
Processing by ProductsController#index as HTML
  Rendering products/index.html.erb within layouts/application
  [1m[36mProduct Load (0.3ms)[0m  [1m[34mSELECT "products".* FROM "products"[0m
  Rendered products/index.html.erb within layouts/application (8.6ms)
Completed 200 OK in 3217ms (Views: 3214.4ms | ActiveRecord: 0.3ms)


Started GET "/products" for 127.0.0.1 at 2018-02-09 21:19:35 -0500
Processing by ProductsController#index as HTML
  Rendering products/index.html.erb within layouts/application
  [1m[36mProduct Load (0.4ms)[0m  [1m[34mSELECT "products".* FROM "products"[0m
  Rendered products/index.html.erb within layouts/application (9.0ms)
Completed 200 OK in 3617ms (Views: 3610.8ms | ActiveRecord: 0.4ms)


Started GET "/products" for 127.0.0.1 at 2018-02-09 21:19:56 -0500
Processing by ProductsController#index as HTML
  Rendering products/index.html.erb within layouts/application
  [1m[36mProduct Load (0.3ms)[0m  [1m[34mSELECT "products".* FROM "products"[0m
  Rendered products/index.html.erb within layouts/application (4.6ms)
Completed 200 OK in 3952ms (Views: 3948.9ms | ActiveRecord: 0.3ms)


Started GET "/products" for 127.0.0.1 at 2018-02-09 21:20:31 -0500
Processing by ProductsController#index as HTML
  Rendering products/index.html.erb within layouts/application
  [1m[36mProduct Load (0.5ms)[0m  [1m[34mSELECT "products".* FROM "products"[0m
  Rendered products/index.html.erb within layouts/application (9.2ms)
Completed 200 OK in 3662ms (Views: 3658.3ms | ActiveRecord: 0.5ms)


Started GET "/products" for 127.0.0.1 at 2018-02-09 21:21:23 -0500
Processing by ProductsController#index as HTML
  Rendering products/index.html.erb within layouts/application
  [1m[36mProduct Load (0.4ms)[0m  [1m[34mSELECT "products".* FROM "products"[0m
  Rendered products/index.html.erb within layouts/application (6.8ms)
Completed 200 OK in 206ms (Views: 203.1ms | ActiveRecord: 0.4ms)


Started GET "/products" for 127.0.0.1 at 2018-02-09 21:22:18 -0500
Processing by ProductsController#index as HTML
  Rendering products/index.html.erb within layouts/application
  [1m[36mProduct Load (0.2ms)[0m  [1m[34mSELECT "products".* FROM "products"[0m
  Rendered products/index.html.erb within layouts/application (4.3ms)
Completed 200 OK in 2860ms (Views: 2847.8ms | ActiveRecord: 0.2ms)


Started GET "/products" for 127.0.0.1 at 2018-02-09 21:24:49 -0500
Processing by ProductsController#index as HTML
  Rendering products/index.html.erb within layouts/application
  [1m[36mProduct Load (0.5ms)[0m  [1m[34mSELECT "products".* FROM "products"[0m
  Rendered products/index.html.erb within layouts/application (7.6ms)
Completed 200 OK in 3653ms (Views: 3648.8ms | ActiveRecord: 0.4ms)


Started GET "/products" for 127.0.0.1 at 2018-02-09 21:25:09 -0500
Processing by ProductsController#index as HTML
  Rendering products/index.html.erb within layouts/application
  [1m[36mProduct Load (0.7ms)[0m  [1m[34mSELECT "products".* FROM "products"[0m
  Rendered products/index.html.erb within layouts/application (7.5ms)
Completed 200 OK in 2862ms (Views: 2855.3ms | ActiveRecord: 0.7ms)


Started GET "/products" for 127.0.0.1 at 2018-02-09 21:25:50 -0500
Processing by ProductsController#index as HTML
  Rendering products/index.html.erb within layouts/application
  [1m[36mProduct Load (0.2ms)[0m  [1m[34mSELECT "products".* FROM "products"[0m
  Rendered products/index.html.erb within layouts/application (3.8ms)
Completed 200 OK in 3394ms (Views: 3391.3ms | ActiveRecord: 0.2ms)


Started GET "/products" for 127.0.0.1 at 2018-02-09 21:26:16 -0500
Processing by ProductsController#index as HTML
  Rendering products/index.html.erb within layouts/application
  [1m[36mProduct Load (0.2ms)[0m  [1m[34mSELECT "products".* FROM "products"[0m
  Rendered products/index.html.erb within layouts/application (5.0ms)
Completed 200 OK in 3234ms (Views: 3231.7ms | ActiveRecord: 0.2ms)


Started GET "/products" for 127.0.0.1 at 2018-02-09 21:28:46 -0500
Processing by ProductsController#index as HTML
  Rendering products/index.html.erb within layouts/application
  [1m[36mProduct Load (0.3ms)[0m  [1m[34mSELECT "products".* FROM "products"[0m
  Rendered products/index.html.erb within layouts/application (5.4ms)
Completed 200 OK in 3383ms (Views: 3380.0ms | ActiveRecord: 0.3ms)


Started GET "/products" for 127.0.0.1 at 2018-02-09 21:29:08 -0500
Processing by ProductsController#index as HTML
  Rendering products/index.html.erb within layouts/application
  [1m[36mProduct Load (0.4ms)[0m  [1m[34mSELECT "products".* FROM "products"[0m
  Rendered products/index.html.erb within layouts/application (6.4ms)
Completed 200 OK in 136ms (Views: 131.2ms | ActiveRecord: 0.4ms)


Started GET "/products" for 127.0.0.1 at 2018-02-09 21:30:21 -0500
Processing by ProductsController#index as HTML
  Rendering products/index.html.erb within layouts/application
  [1m[36mProduct Load (0.2ms)[0m  [1m[34mSELECT "products".* FROM "products"[0m
  Rendered products/index.html.erb within layouts/application (4.5ms)
Completed 200 OK in 151ms (Views: 147.0ms | ActiveRecord: 0.2ms)


Started GET "/products" for 127.0.0.1 at 2018-02-09 21:30:37 -0500
Processing by ProductsController#index as HTML
  Rendering products/index.html.erb within layouts/application
  [1m[36mProduct Load (0.4ms)[0m  [1m[34mSELECT "products".* FROM "products"[0m
  Rendered products/index.html.erb within layouts/application (5.7ms)
Completed 200 OK in 429ms (Views: 422.3ms | ActiveRecord: 0.4ms)


Started GET "/" for 127.0.0.1 at 2018-02-09 21:30:52 -0500
Processing by WelcomesController#home as HTML
  Rendering welcomes/home.html.erb within layouts/application
  Rendered welcomes/home.html.erb within layouts/application (0.8ms)
Completed 200 OK in 156ms (Views: 147.9ms | ActiveRecord: 0.0ms)


Started GET "/products" for 127.0.0.1 at 2018-02-09 21:30:54 -0500
Processing by ProductsController#index as HTML
  Rendering products/index.html.erb within layouts/application
  [1m[36mProduct Load (0.2ms)[0m  [1m[34mSELECT "products".* FROM "products"[0m
  Rendered products/index.html.erb within layouts/application (3.8ms)
Completed 200 OK in 343ms (Views: 337.8ms | ActiveRecord: 0.2ms)


Started GET "/" for 127.0.0.1 at 2018-02-09 21:30:57 -0500
Processing by WelcomesController#home as HTML
  Rendering welcomes/home.html.erb within layouts/application
  Rendered welcomes/home.html.erb within layouts/application (0.5ms)
Completed 200 OK in 397ms (Views: 389.8ms | ActiveRecord: 0.0ms)


Started GET "/products" for 127.0.0.1 at 2018-02-09 21:30:58 -0500
Processing by ProductsController#index as HTML
  Rendering products/index.html.erb within layouts/application
  [1m[36mProduct Load (0.9ms)[0m  [1m[34mSELECT "products".* FROM "products"[0m
  Rendered products/index.html.erb within layouts/application (7.4ms)
Completed 200 OK in 306ms (Views: 300.5ms | ActiveRecord: 0.9ms)


Started GET "/" for 127.0.0.1 at 2018-02-09 21:31:06 -0500
Processing by WelcomesController#home as HTML
  Rendering welcomes/home.html.erb within layouts/application
  Rendered welcomes/home.html.erb within layouts/application (0.6ms)
Completed 200 OK in 279ms (Views: 272.9ms | ActiveRecord: 0.0ms)


Started GET "/products" for 127.0.0.1 at 2018-02-09 21:31:07 -0500
Processing by ProductsController#index as HTML
  Rendering products/index.html.erb within layouts/application
  [1m[36mProduct Load (0.3ms)[0m  [1m[34mSELECT "products".* FROM "products"[0m
  Rendered products/index.html.erb within layouts/application (5.2ms)
Completed 200 OK in 271ms (Views: 267.0ms | ActiveRecord: 0.3ms)


Started GET "/products/1" for 127.0.0.1 at 2018-02-09 21:31:15 -0500
Processing by ProductsController#show as HTML
  Parameters: {"id"=>"1"}
  [1m[36mProduct Load (0.3ms)[0m  [1m[34mSELECT  "products".* FROM "products" WHERE "products"."id" = ? LIMIT ?[0m  [["id", 1], ["LIMIT", 1]]
  Rendering products/show.html.erb within layouts/application
  Rendered products/show.html.erb within layouts/application (1.3ms)
Completed 200 OK in 290ms (Views: 144.1ms | ActiveRecord: 0.3ms)


Started GET "/" for 127.0.0.1 at 2018-02-09 21:32:10 -0500
Processing by WelcomesController#home as HTML
  Rendering welcomes/home.html.erb within layouts/application
  Rendered welcomes/home.html.erb within layouts/application (0.7ms)
Completed 200 OK in 315ms (Views: 306.7ms | ActiveRecord: 0.0ms)


Started GET "/products" for 127.0.0.1 at 2018-02-09 21:32:15 -0500
Processing by ProductsController#index as HTML
  Rendering products/index.html.erb within layouts/application
  [1m[36mProduct Load (3.3ms)[0m  [1m[34mSELECT "products".* FROM "products"[0m
  Rendered products/index.html.erb within layouts/application (13.5ms)
Completed 200 OK in 346ms (Views: 337.7ms | ActiveRecord: 3.3ms)


